<?xml version="1.0" encoding="UTF-8"?>
<testsuite xmlns:xsi="http://www.w3.org/2001/XMLSchema-instance" xsi:noNamespaceSchemaLocation="https://maven.apache.org/surefire/maven-surefire-plugin/xsd/surefire-test-report-3.0.xsd" version="3.0" name="com.epam.engx.cleancode.finaltask.task1.PrintTest" time="0.91" tests="8" errors="0" skipped="0" failures="0">
  <properties>
[...]
</properties>
  <testcase name="shouldPrintTableWithPaddingWhenOneShortColumn" classname="com.epam.engx.cleancode.finaltask.task1.PrintTest" time="0.861"/>
  <testcase name="shouldNotProcessInvalidCommand" classname="com.epam.engx.cleancode.finaltask.task1.PrintTest" time="0.001"/>
  <testcase name="shouldPrintTableWithMultiDataSets" classname="com.epam.engx.cleancode.finaltask.task1.PrintTest" time="0.005"/>
  <testcase name="shouldPrintMessageForNotExistingTable" classname="com.epam.engx.cleancode.finaltask.task1.PrintTest" time="0.001"/>
  <testcase name="shouldTrowExceptionWhenCommandIsWrong" classname="com.epam.engx.cleancode.finaltask.task1.PrintTest" time="0"/>
  <testcase name="shouldPrintAllColumnLengthsWithTheLongestValue" classname="com.epam.engx.cleancode.finaltask.task1.PrintTest" time="0.001"/>
  <testcase name="shouldProcessValidCommand" classname="com.epam.engx.cleancode.finaltask.task1.PrintTest" time="0.001"/>
  <testcase name="shouldPrintTableWithOneColumn" classname="com.epam.engx.cleancode.finaltask.task1.PrintTest" time="0.001"/>
</testsuite>