<?xml version="1.0" encoding="UTF-8"?>
<testsuite xmlns:xsi="http://www.w3.org/2001/XMLSchema-instance" xsi:noNamespaceSchemaLocation="https://maven.apache.org/surefire/maven-surefire-plugin/xsd/surefire-test-report-3.0.xsd" version="3.0" name="com.javamed.etl.EtlApplicationTests" time="3.577" tests="1" errors="0" skipped="0" failures="0">
  <properties>
[...]
</properties>
  <testcase name="contextLoads" classname="com.javamed.etl.EtlApplicationTests" time="0.735">
    <system-out><![CDATA[15:42:37.211 [main] INFO org.springframework.test.context.support.AnnotationConfigContextLoaderUtils -- Could not detect default configuration classes for test class [com.javamed.etl.EtlApplicationTests]: EtlApplicationTests does not declare any static, non-private, non-final, nested classes annotated with @Configuration.
15:42:37.310 [main] INFO org.springframework.boot.test.context.SpringBootTestContextBootstrapper -- Found @SpringBootConfiguration com.javamed.etl.EtlApplication for test class com.javamed.etl.EtlApplicationTests

  .   ____          _            __ _ _
 /\\ / ___'_ __ _ _(_)_ __  __ _ \ \ \ \
( ( )\___ | '_ | '_| | '_ \/ _` | \ \ \ \
 \\/  ___)| |_)| | | | | || (_| |  ) ) ) )
  '  |____| .__|_| |_|_| |_\__, | / / / /
 =========|_|==============|___/=/_/_/_/
 :: Spring Boot ::                (v3.2.0)

2023-12-20T15:42:37.658+01:00  INFO 6972 --- [           main] com.javamed.etl.EtlApplicationTests      : Starting EtlApplicationTests using Java 17.0.6 with PID 6972 (started by SEREN in C:\Disk_D\Programming\Epam\Learn\Java Advanced Backend Core #1 [2023Q4 VS Group]\Java-Advanced-Backend-Core-1-2023Q4-VS-Group-\05-CodeQuality\Code\etl)
2023-12-20T15:42:37.659+01:00  INFO 6972 --- [           main] com.javamed.etl.EtlApplicationTests      : No active profile set, falling back to 1 default profile: "default"
2023-12-20T15:42:37.999+01:00  INFO 6972 --- [           main] .s.d.r.c.RepositoryConfigurationDelegate : Bootstrapping Spring Data R2DBC repositories in DEFAULT mode.
2023-12-20T15:42:38.114+01:00  INFO 6972 --- [           main] .s.d.r.c.RepositoryConfigurationDelegate : Finished Spring Data repository scanning in 111 ms. Found 1 R2DBC repository interface.
2023-12-20T15:42:39.368+01:00  INFO 6972 --- [           main] com.javamed.etl.EtlApplicationTests      : Started EtlApplicationTests in 1.914 seconds (process running for 2.681)
Requesting items from API
Received item: {} User[id=1, login=mojombo]
Received item: {} User[id=2, login=defunkt]
Received item: {} User[id=3, login=pjhyett]
Received item: {} User[id=4, login=wycats]
Received item: {} User[id=5, login=ezmobius]
Received item: {} User[id=6, login=ivey]
Received item: {} User[id=7, login=evanphx]
Received item: {} User[id=8, login=vanpelt]
Requesting items from API
Received item: {} User[id=9, login=wayneeseguin]
Received item: {} User[id=10, login=brynary]
Received item: {} User[id=11, login=kevinclark]
Received item: {} User[id=12, login=technoweenie]
Received item: {} User[id=13, login=macournoyer]
Received item: {} User[id=14, login=takeo]
Received item: {} User[id=15, login=caged]
Received item: {} User[id=16, login=topfunky]
Requesting items from API
Received item: {} User[id=17, login=anotherjesse]
Received item: {} User[id=18, login=roland]
Received item: {} User[id=19, login=lukas]
Received item: {} User[id=20, login=fanvsfan]
Received item: {} User[id=21, login=tomtt]
Received item: {} User[id=22, login=railsjitsu]
Received item: {} User[id=23, login=nitay]
Received item: {} User[id=24, login=kevwil]
Requesting items from API
Received item: {} User[id=25, login=KirinDave]
Received item: {} User[id=26, login=jamesgolick]
Received item: {} User[id=27, login=atmos]
Received item: {} User[id=28, login=errfree]
Received item: {} User[id=29, login=mojodna]
Received item: {} User[id=30, login=bmizerany]
Processing items from API completed
]]></system-out>
  </testcase>
</testsuite>