<?xml version="1.0" encoding="UTF-8"?>
<testsuite xmlns:xsi="http://www.w3.org/2001/XMLSchema-instance" xsi:noNamespaceSchemaLocation="https://maven.apache.org/surefire/maven-surefire-plugin/xsd/surefire-test-report-3.0.xsd" version="3.0" name="com.javamsdt.UserRepositoryTest" time="0.927" tests="11" errors="0" skipped="0" failures="0">
  <properties>
[...]
</properties>
  <testcase name="updateUser_UserFound" classname="com.javamsdt.UserRepositoryTest" time="0.868"/>
  <testcase name="deleteUser_UserFound" classname="com.javamsdt.UserRepositoryTest" time="0.003"/>
  <testcase name="addUser" classname="com.javamsdt.UserRepositoryTest" time="0.001"/>
  <testcase name="getUserByUsername_UserNotFound" classname="com.javamsdt.UserRepositoryTest" time="0.002"/>
  <testcase name="getUsersByAddress" classname="com.javamsdt.UserRepositoryTest" time="0.006"/>
  <testcase name="getAllUsers" classname="com.javamsdt.UserRepositoryTest" time="0.002"/>
  <testcase name="getUsersByDateOfBirth" classname="com.javamsdt.UserRepositoryTest" time="0.001"/>
  <testcase name="updateUser_UserNotFound" classname="com.javamsdt.UserRepositoryTest" time="0.002"/>
  <testcase name="getUsersByEmail" classname="com.javamsdt.UserRepositoryTest" time="0.001"/>
  <testcase name="deleteUser_UserNotFound" classname="com.javamsdt.UserRepositoryTest" time="0.001"/>
  <testcase name="getUserByUsername_UserFound" classname="com.javamsdt.UserRepositoryTest" time="0.001"/>
</testsuite>